<?xml version="1.0" encoding="UTF-8"?>
<Site BuildName="Win32-MSBuild"
	BuildStamp="20191113-1612-Experimental"
	Name="DESKTOP-KJKOQG7"
	Generator="ctest-3.16.0-rc3"
	CompilerName="C:/Program Files (x86)/Microsoft Visual Studio/2019/Community/VC/Tools/MSVC/14.23.28105/bin/Hostx64/x64/cl.exe"
	CompilerVersion="19.23.28105.4"
	OSName="Windows"
	Hostname="DESKTOP-KJKOQG7"
	OSRelease=" Personal"
	OSVersion=" (Build 18362)"
	OSPlatform="AMD64"
	Is64Bits="1"
	VendorString="GenuineIntel"
	VendorID="Intel Corporation"
	FamilyID="6"
	ModelID="14"
	ProcessorCacheSize="-1"
	NumberOfLogicalCPU="4"
	NumberOfPhysicalCPU="2"
	TotalVirtualMemory="16806"
	TotalPhysicalMemory="8089"
	LogicalProcessorsPerPhysical="2"
	ProcessorClockFrequency="2903"
	>
	<Configure>
		<StartDateTime>Nov 13 21:42 India Standard Time</StartDateTime>
		<StartConfigureTime>1573661528</StartConfigureTime>
		<ConfigureCommand>"C:/Program Files/CMake/bin/cmake.exe" "E:/git-pushed-elinus/Set-Cpp-CMake-Projects/CMakeHelloWorld"</ConfigureCommand>
		<Log>-- Selecting Windows SDK version 10.0.17763.0 to target Windows 10.0.18362.
-- Configuring done
-- Generating done
-- Build files have been written to: E:/git-pushed-elinus/Set-Cpp-CMake-Projects/CMakeHelloWorld/Build
</Log>
		<ConfigureStatus>0</ConfigureStatus>
		<EndDateTime>Nov 13 21:42 India Standard Time</EndDateTime>
		<EndConfigureTime>1573661529</EndConfigureTime>
		<ElapsedMinutes>0</ElapsedMinutes>
	</Configure>
</Site>
