Start testing: Nov 13 21:40 India Standard Time
----------------------------------------------------------
1/1 Testing: Test1
1/1 Test: Test1
Command: "E:/git-pushed-elinus/Set-Cpp-CMake-Projects/CMakeHelloWorld/Build/Debug/CMakeHelloWorld.exe"
Directory: E:/git-pushed-elinus/Set-Cpp-CMake-Projects/CMakeHelloWorld/Build
"Test1" start time: Nov 13 21:40 India Standard Time
Output:
----------------------------------------------------------
CMake Hello World!!
<end of output>
Test time =   0.14 sec
----------------------------------------------------------
Test Passed.
"Test1" end time: Nov 13 21:40 India Standard Time
"Test1" time elapsed: 00:00:00
----------------------------------------------------------

End testing: Nov 13 21:40 India Standard Time
