<?xml version="1.0" encoding="UTF-8"?>
<Site BuildName="Win32-MSBuild"
	BuildStamp="20191113-1612-Experimental"
	Name="DESKTOP-KJKOQG7"
	Generator="ctest-3.16.0-rc3"
	CompilerName="C:/Program Files (x86)/Microsoft Visual Studio/2019/Community/VC/Tools/MSVC/14.23.28105/bin/Hostx64/x64/cl.exe"
	CompilerVersion="19.23.28105.4"
	OSName="Windows"
	Hostname="DESKTOP-KJKOQG7"
	OSRelease=" Personal"
	OSVersion=" (Build 18362)"
	OSPlatform="AMD64"
	Is64Bits="1"
	VendorString="GenuineIntel"
	VendorID="Intel Corporation"
	FamilyID="6"
	ModelID="14"
	ProcessorCacheSize="-1"
	NumberOfLogicalCPU="4"
	NumberOfPhysicalCPU="2"
	TotalVirtualMemory="16806"
	TotalPhysicalMemory="8089"
	LogicalProcessorsPerPhysical="2"
	ProcessorClockFrequency="2904"
	>
	<Build>
		<StartDateTime>Nov 13 21:42 India Standard Time</StartDateTime>
		<StartBuildTime>1573661529</StartBuildTime>
		<BuildCommand>"C:\Program Files\CMake\bin\cmake.exe" --build . --config "Debug"</BuildCommand>
		<Log Encoding="base64" Compression="bin/gzip"/>
		<EndDateTime>Nov 13 21:42 India Standard Time</EndDateTime>
		<EndBuildTime>1573661530</EndBuildTime>
		<ElapsedMinutes>0</ElapsedMinutes>
	</Build>
</Site>
